<?xml version="1.0" encoding="UTF-8"?>
<testsuite xmlns:xsi="http://www.w3.org/2001/XMLSchema-instance" xsi:noNamespaceSchemaLocation="https://maven.apache.org/surefire/maven-surefire-plugin/xsd/surefire-test-report.xsd" name="apiTests.TestRunner" time="17.257" tests="10" errors="0" skipped="0" failures="0">
  <properties>
[...]
</properties>
  <testcase name="[1:10] Add a new pet to the store" classname="[pet] Add a new pet and place an order for the same" time="1.877"/>
  <testcase name="[2:19] Update an existing pet" classname="[pet] Add a new pet and place an order for the same" time="1.094"/>
  <testcase name="[3:28] Find Pets by status" classname="[pet] Add a new pet and place an order for the same" time="4.684"/>
  <testcase name="[4:37] Updates a pet in the store with form data" classname="[pet] Add a new pet and place an order for the same" time="0.256"/>
  <testcase name="[5:46] Deletes a pet" classname="[pet] Add a new pet and place an order for the same" time="0.253"/>
  <testcase name="[1:10] Place an order for a pet" classname="[store] Find an available pet and place an order for the same" time="0.3"/>
  <testcase name="[2:19] Find purchase order by ID" classname="[store] Find an available pet and place an order for the same" time="0.269"/>
  <testcase name="[3:25] Delete purchase order by ID" classname="[store] Find an available pet and place an order for the same" time="1.036"/>
  <testcase name="[1:9] Add a new pet and place an order for the same" classname="[workflow] Workflow test" time="2.103"/>
  <testcase name="[2:23] Find an available pet and place an order for the same" classname="[workflow] Workflow test" time="4.633"/>
</testsuite>